<?xml version="1.0" encoding="UTF-8"?>
<!-- Generated by org.testng.reporters.JUnitReportReporter -->
<testsuite hostname="7KZ0Q13" failures="0" tests="3" name="CucumberExecutor.TestRunner" time="45.211" errors="0" timestamp="2024-12-31T15:43:28 IST" skipped="0">
  <testcase classname="CucumberExecutor.TestRunner" name="runScenario" time="32.393"/>
  <system-out/>
  <testcase classname="CucumberExecutor.TestRunner" name="runScenario" time="10.298"/>
  <system-out/>
  <testcase classname="CucumberExecutor.TestRunner" name="runScenario" time="2.520"/>
  <system-out/>
</testsuite> <!-- CucumberExecutor.TestRunner -->
